<?xml version="1.0" encoding="UTF-8"?>
<coverage generated="1641466555493" clover="3.2.0">
  <project timestamp="1641466555493" name="All files">
    <metrics statements="34" coveredstatements="29" conditionals="25" coveredconditionals="18" methods="7" coveredmethods="5" elements="66" coveredelements="52" complexity="0" loc="34" ncloc="34" packages="1" files="1" classes="1"/>
    <file name="request.ts" path="/Users/admin/workspace/ava/ava-util/src/request.ts">
      <metrics statements="34" coveredstatements="29" conditionals="25" coveredconditionals="18" methods="7" coveredmethods="5"/>
      <line num="5" count="1" type="stmt"/>
      <line num="7" count="1" type="stmt"/>
      <line num="14" count="0" type="cond" truecount="0" falsecount="2"/>
      <line num="15" count="0" type="cond" truecount="0" falsecount="2"/>
      <line num="17" count="0" type="stmt"/>
      <line num="26" count="0" type="stmt"/>
      <line num="27" count="0" type="stmt"/>
      <line num="36" count="9" type="stmt"/>
      <line num="40" count="9" type="stmt"/>
      <line num="48" count="10" type="cond" truecount="4" falsecount="0"/>
      <line num="49" count="6" type="stmt"/>
      <line num="50" count="6" type="stmt"/>
      <line num="52" count="4" type="stmt"/>
      <line num="60" count="10" type="stmt"/>
      <line num="61" count="10" type="cond" truecount="2" falsecount="0"/>
      <line num="62" count="5" type="stmt"/>
      <line num="63" count="5" type="stmt"/>
      <line num="65" count="10" type="cond" truecount="1" falsecount="1"/>
      <line num="73" count="10" type="stmt"/>
      <line num="74" count="10" type="cond" truecount="2" falsecount="0"/>
      <line num="75" count="3" type="stmt"/>
      <line num="76" count="3" type="stmt"/>
      <line num="78" count="10" type="stmt"/>
      <line num="92" count="10" type="cond" truecount="2" falsecount="0"/>
      <line num="93" count="2" type="stmt"/>
      <line num="94" count="2" type="cond" truecount="1" falsecount="1"/>
      <line num="97" count="10" type="stmt"/>
      <line num="98" count="10" type="stmt"/>
      <line num="100" count="10" type="cond" truecount="4" falsecount="0"/>
      <line num="102" count="2" type="stmt"/>
      <line num="105" count="8" type="stmt"/>
      <line num="107" count="10" type="cond" truecount="2" falsecount="0"/>
      <line num="108" count="9" type="stmt"/>
      <line num="111" count="10" type="stmt"/>
    </file>
  </project>
</coverage>
