<?xml version="1.0" encoding="UTF-8"?>
<coverage generated="1641465013101" clover="3.2.0">
  <project timestamp="1641465013101" name="All files">
    <metrics statements="34" coveredstatements="29" conditionals="25" coveredconditionals="18" methods="7" coveredmethods="5" elements="66" coveredelements="52" complexity="0" loc="34" ncloc="34" packages="1" files="1" classes="1"/>
    <file name="request.ts" path="/Users/admin/workspace/ava/ava-util/src/request.ts">
      <metrics statements="34" coveredstatements="29" conditionals="25" coveredconditionals="18" methods="7" coveredmethods="5"/>
      <line num="4" count="1" type="stmt"/>
      <line num="11" count="0" type="cond" truecount="0" falsecount="2"/>
      <line num="12" count="0" type="cond" truecount="0" falsecount="2"/>
      <line num="14" count="0" type="stmt"/>
      <line num="23" count="0" type="stmt"/>
      <line num="24" count="0" type="stmt"/>
      <line num="33" count="9" type="stmt"/>
      <line num="37" count="9" type="stmt"/>
      <line num="45" count="10" type="cond" truecount="4" falsecount="0"/>
      <line num="46" count="6" type="stmt"/>
      <line num="47" count="6" type="stmt"/>
      <line num="49" count="4" type="stmt"/>
      <line num="57" count="10" type="stmt"/>
      <line num="58" count="10" type="cond" truecount="2" falsecount="0"/>
      <line num="59" count="5" type="stmt"/>
      <line num="60" count="5" type="stmt"/>
      <line num="62" count="10" type="cond" truecount="1" falsecount="1"/>
      <line num="70" count="10" type="stmt"/>
      <line num="71" count="10" type="cond" truecount="2" falsecount="0"/>
      <line num="72" count="3" type="stmt"/>
      <line num="73" count="3" type="stmt"/>
      <line num="75" count="10" type="stmt"/>
      <line num="89" count="10" type="cond" truecount="2" falsecount="0"/>
      <line num="90" count="2" type="stmt"/>
      <line num="91" count="2" type="cond" truecount="1" falsecount="1"/>
      <line num="92" count="2" type="stmt"/>
      <line num="95" count="10" type="stmt"/>
      <line num="96" count="10" type="stmt"/>
      <line num="98" count="10" type="cond" truecount="4" falsecount="0"/>
      <line num="100" count="2" type="stmt"/>
      <line num="103" count="8" type="stmt"/>
      <line num="105" count="10" type="cond" truecount="2" falsecount="0"/>
      <line num="106" count="9" type="stmt"/>
      <line num="109" count="10" type="stmt"/>
    </file>
  </project>
</coverage>
