{"/Users/admin/workspace/ava/ava-util/src/request.ts": {"path":"/Users/admin/workspace/ava/ava-util/src/request.ts","statementMap":{"0":{"start":{"line":5,"column":0},"end":{"line":5,"column":16}},"1":{"start":{"line":7,"column":32},"end":{"line":7,"column":58}},"2":{"start":{"line":14,"column":4},"end":{"line":16,"column":5}},"3":{"start":{"line":15,"column":8},"end":{"line":15,"column":77}},"4":{"start":{"line":17,"column":4},"end":{"line":17,"column":39}},"5":{"start":{"line":26,"column":19},"end":{"line":26,"column":44}},"6":{"start":{"line":27,"column":4},"end":{"line":27,"column":23}},"7":{"start":{"line":36,"column":19},"end":{"line":39,"column":5}},"8":{"start":{"line":40,"column":4},"end":{"line":40,"column":49}},"9":{"start":{"line":48,"column":4},"end":{"line":51,"column":5}},"10":{"start":{"line":49,"column":24},"end":{"line":49,"column":70}},"11":{"start":{"line":50,"column":8},"end":{"line":50,"column":26}},"12":{"start":{"line":52,"column":4},"end":{"line":52,"column":15}},"13":{"start":{"line":60,"column":25},"end":{"line":60,"column":27}},"14":{"start":{"line":61,"column":4},"end":{"line":64,"column":5}},"15":{"start":{"line":62,"column":24},"end":{"line":62,"column":62}},"16":{"start":{"line":63,"column":8},"end":{"line":63,"column":48}},"17":{"start":{"line":65,"column":4},"end":{"line":65,"column":40}},"18":{"start":{"line":73,"column":15},"end":{"line":73,"column":17}},"19":{"start":{"line":74,"column":4},"end":{"line":77,"column":5}},"20":{"start":{"line":75,"column":24},"end":{"line":75,"column":61}},"21":{"start":{"line":76,"column":8},"end":{"line":76,"column":47}},"22":{"start":{"line":78,"column":4},"end":{"line":78,"column":16}},"23":{"start":{"line":92,"column":4},"end":{"line":95,"column":5}},"24":{"start":{"line":93,"column":8},"end":{"line":93,"column":21}},"25":{"start":{"line":94,"column":8},"end":{"line":94,"column":103}},"26":{"start":{"line":97,"column":27},"end":{"line":97,"column":43}},"27":{"start":{"line":98,"column":25},"end":{"line":98,"column":39}},"28":{"start":{"line":100,"column":4},"end":{"line":106,"column":5}},"29":{"start":{"line":102,"column":8},"end":{"line":102,"column":77}},"30":{"start":{"line":105,"column":8},"end":{"line":105,"column":23}},"31":{"start":{"line":107,"column":4},"end":{"line":109,"column":5}},"32":{"start":{"line":108,"column":8},"end":{"line":108,"column":45}},"33":{"start":{"line":111,"column":4},"end":{"line":111,"column":44}}},"fnMap":{"0":{"name":"getParamsInSearch","decl":{"start":{"line":13,"column":16},"end":{"line":13,"column":33}},"loc":{"start":{"line":13,"column":72},"end":{"line":18,"column":1}},"line":13},"1":{"name":"getParamInSearch","decl":{"start":{"line":25,"column":16},"end":{"line":25,"column":32}},"loc":{"start":{"line":25,"column":83},"end":{"line":28,"column":1}},"line":25},"2":{"name":"updateSearch","decl":{"start":{"line":35,"column":16},"end":{"line":35,"column":28}},"loc":{"start":{"line":35,"column":88},"end":{"line":41,"column":1}},"line":35},"3":{"name":"getPathname","decl":{"start":{"line":47,"column":16},"end":{"line":47,"column":27}},"loc":{"start":{"line":47,"column":49},"end":{"line":53,"column":1}},"line":47},"4":{"name":"getSearch","decl":{"start":{"line":59,"column":16},"end":{"line":59,"column":25}},"loc":{"start":{"line":59,"column":47},"end":{"line":66,"column":1}},"line":59},"5":{"name":"getHash","decl":{"start":{"line":72,"column":16},"end":{"line":72,"column":23}},"loc":{"start":{"line":72,"column":45},"end":{"line":79,"column":1}},"line":72},"6":{"name":"generatePath","decl":{"start":{"line":87,"column":16},"end":{"line":87,"column":28}},"loc":{"start":{"line":91,"column":10},"end":{"line":112,"column":1}},"line":91}},"branchMap":{"0":{"loc":{"start":{"line":14,"column":4},"end":{"line":16,"column":5}},"type":"if","locations":[{"start":{"line":14,"column":4},"end":{"line":16,"column":5}},{"start":{"line":14,"column":4},"end":{"line":16,"column":5}}],"line":14},"1":{"loc":{"start":{"line":15,"column":17},"end":{"line":15,"column":76}},"type":"cond-expr","locations":[{"start":{"line":15,"column":49},"end":{"line":15,"column":71}},{"start":{"line":15,"column":74},"end":{"line":15,"column":76}}],"line":15},"2":{"loc":{"start":{"line":35,"column":67},"end":{"line":35,"column":86}},"type":"default-arg","locations":[{"start":{"line":35,"column":84},"end":{"line":35,"column":86}}],"line":35},"3":{"loc":{"start":{"line":48,"column":4},"end":{"line":51,"column":5}},"type":"if","locations":[{"start":{"line":48,"column":4},"end":{"line":51,"column":5}},{"start":{"line":48,"column":4},"end":{"line":51,"column":5}}],"line":48},"4":{"loc":{"start":{"line":48,"column":8},"end":{"line":48,"column":46}},"type":"binary-expr","locations":[{"start":{"line":48,"column":8},"end":{"line":48,"column":25}},{"start":{"line":48,"column":29},"end":{"line":48,"column":46}}],"line":48},"5":{"loc":{"start":{"line":61,"column":4},"end":{"line":64,"column":5}},"type":"if","locations":[{"start":{"line":61,"column":4},"end":{"line":64,"column":5}},{"start":{"line":61,"column":4},"end":{"line":64,"column":5}}],"line":61},"6":{"loc":{"start":{"line":65,"column":11},"end":{"line":65,"column":39}},"type":"cond-expr","locations":[{"start":{"line":65,"column":28},"end":{"line":65,"column":30}},{"start":{"line":65,"column":33},"end":{"line":65,"column":39}}],"line":65},"7":{"loc":{"start":{"line":74,"column":4},"end":{"line":77,"column":5}},"type":"if","locations":[{"start":{"line":74,"column":4},"end":{"line":77,"column":5}},{"start":{"line":74,"column":4},"end":{"line":77,"column":5}}],"line":74},"8":{"loc":{"start":{"line":92,"column":4},"end":{"line":95,"column":5}},"type":"if","locations":[{"start":{"line":92,"column":4},"end":{"line":95,"column":5}},{"start":{"line":92,"column":4},"end":{"line":95,"column":5}}],"line":92},"9":{"loc":{"start":{"line":94,"column":14},"end":{"line":94,"column":102}},"type":"cond-expr","locations":[{"start":{"line":94,"column":46},"end":{"line":94,"column":97}},{"start":{"line":94,"column":100},"end":{"line":94,"column":102}}],"line":94},"10":{"loc":{"start":{"line":100,"column":4},"end":{"line":106,"column":5}},"type":"if","locations":[{"start":{"line":100,"column":4},"end":{"line":106,"column":5}},{"start":{"line":100,"column":4},"end":{"line":106,"column":5}}],"line":100},"11":{"loc":{"start":{"line":100,"column":8},"end":{"line":100,"column":40}},"type":"binary-expr","locations":[{"start":{"line":100,"column":8},"end":{"line":100,"column":30}},{"start":{"line":100,"column":34},"end":{"line":100,"column":40}}],"line":100},"12":{"loc":{"start":{"line":107,"column":4},"end":{"line":109,"column":5}},"type":"if","locations":[{"start":{"line":107,"column":4},"end":{"line":109,"column":5}},{"start":{"line":107,"column":4},"end":{"line":109,"column":5}}],"line":107}},"s":{"0":1,"1":1,"2":0,"3":0,"4":0,"5":0,"6":0,"7":9,"8":9,"9":10,"10":6,"11":6,"12":4,"13":10,"14":10,"15":5,"16":5,"17":10,"18":10,"19":10,"20":3,"21":3,"22":10,"23":10,"24":2,"25":2,"26":10,"27":10,"28":10,"29":2,"30":8,"31":10,"32":9,"33":10},"f":{"0":0,"1":0,"2":9,"3":10,"4":10,"5":10,"6":10},"b":{"0":[0,0],"1":[0,0],"2":[0],"3":[6,4],"4":[10,5],"5":[5,5],"6":[0,10],"7":[3,7],"8":[2,8],"9":[2,0],"10":[2,8],"11":[10,2],"12":[9,1]},"_coverageSchema":"43e27e138ebf9cfc5966b082cf9a028302ed4184","hash":"4d17b41d34b30e6112d6b55d5c73ec43d5fa4abf"}
}
