{"D:\\workspace\\ava\\ava-util\\src\\cookie.ts": {"path":"D:\\workspace\\ava\\ava-util\\src\\cookie.ts","statementMap":{"0":{"start":{"line":38,"column":4},"end":{"line":40,"column":5}},"1":{"start":{"line":39,"column":8},"end":{"line":39,"column":21}},"2":{"start":{"line":41,"column":26},"end":{"line":41,"column":29}},"3":{"start":{"line":42,"column":27},"end":{"line":42,"column":32}},"4":{"start":{"line":43,"column":26},"end":{"line":43,"column":31}},"5":{"start":{"line":45,"column":4},"end":{"line":65,"column":5}},"6":{"start":{"line":46,"column":8},"end":{"line":46,"column":26}},"7":{"start":{"line":48,"column":8},"end":{"line":50,"column":9}},"8":{"start":{"line":49,"column":12},"end":{"line":49,"column":38}},"9":{"start":{"line":51,"column":8},"end":{"line":57,"column":9}},"10":{"start":{"line":52,"column":12},"end":{"line":56,"column":13}},"11":{"start":{"line":53,"column":16},"end":{"line":53,"column":44}},"12":{"start":{"line":55,"column":16},"end":{"line":55,"column":99}},"13":{"start":{"line":60,"column":8},"end":{"line":64,"column":9}},"14":{"start":{"line":61,"column":12},"end":{"line":61,"column":26}},"15":{"start":{"line":62,"column":15},"end":{"line":64,"column":9}},"16":{"start":{"line":63,"column":12},"end":{"line":63,"column":36}},"17":{"start":{"line":67,"column":17},"end":{"line":67,"column":60}},"18":{"start":{"line":68,"column":4},"end":{"line":68,"column":24}},"19":{"start":{"line":70,"column":24},"end":{"line":70,"column":34}},"20":{"start":{"line":71,"column":4},"end":{"line":71,"column":78}},"21":{"start":{"line":72,"column":25},"end":{"line":72,"column":50}},"22":{"start":{"line":73,"column":4},"end":{"line":73,"column":41}},"23":{"start":{"line":75,"column":19},"end":{"line":75,"column":30}},"24":{"start":{"line":78,"column":4},"end":{"line":80,"column":5}},"25":{"start":{"line":82,"column":4},"end":{"line":82,"column":38}},"26":{"start":{"line":84,"column":4},"end":{"line":86,"column":5}},"27":{"start":{"line":85,"column":8},"end":{"line":85,"column":28}},"28":{"start":{"line":102,"column":26},"end":{"line":102,"column":28}},"29":{"start":{"line":103,"column":37},"end":{"line":103,"column":43}},"30":{"start":{"line":104,"column":4},"end":{"line":109,"column":5}},"31":{"start":{"line":105,"column":8},"end":{"line":105,"column":34}},"32":{"start":{"line":111,"column":4},"end":{"line":119,"column":5}},"33":{"start":{"line":112,"column":20},"end":{"line":112,"column":47}},"34":{"start":{"line":114,"column":8},"end":{"line":118,"column":9}},"35":{"start":{"line":115,"column":12},"end":{"line":115,"column":37}},"36":{"start":{"line":116,"column":24},"end":{"line":116,"column":105}},"37":{"start":{"line":117,"column":12},"end":{"line":117,"column":71}},"38":{"start":{"line":120,"column":4},"end":{"line":120,"column":18}}},"fnMap":{"0":{"name":"set","decl":{"start":{"line":37,"column":16},"end":{"line":37,"column":19}},"loc":{"start":{"line":37,"column":104},"end":{"line":95,"column":1}},"line":37},"1":{"name":"get","decl":{"start":{"line":101,"column":16},"end":{"line":101,"column":19}},"loc":{"start":{"line":101,"column":54},"end":{"line":121,"column":1}},"line":101}},"branchMap":{"0":{"loc":{"start":{"line":37,"column":58},"end":{"line":37,"column":93}},"type":"default-arg","locations":[{"start":{"line":37,"column":91},"end":{"line":37,"column":93}}],"line":37},"1":{"loc":{"start":{"line":38,"column":4},"end":{"line":40,"column":5}},"type":"if","locations":[{"start":{"line":38,"column":4},"end":{"line":40,"column":5}},{"start":{"line":38,"column":4},"end":{"line":40,"column":5}}],"line":38},"2":{"loc":{"start":{"line":45,"column":4},"end":{"line":65,"column":5}},"type":"if","locations":[{"start":{"line":45,"column":4},"end":{"line":65,"column":5}},{"start":{"line":45,"column":4},"end":{"line":65,"column":5}}],"line":45},"3":{"loc":{"start":{"line":48,"column":8},"end":{"line":50,"column":9}},"type":"if","locations":[{"start":{"line":48,"column":8},"end":{"line":50,"column":9}},{"start":{"line":48,"column":8},"end":{"line":50,"column":9}}],"line":48},"4":{"loc":{"start":{"line":51,"column":8},"end":{"line":57,"column":9}},"type":"if","locations":[{"start":{"line":51,"column":8},"end":{"line":57,"column":9}},{"start":{"line":51,"column":8},"end":{"line":57,"column":9}}],"line":51},"5":{"loc":{"start":{"line":52,"column":12},"end":{"line":56,"column":13}},"type":"if","locations":[{"start":{"line":52,"column":12},"end":{"line":56,"column":13}},{"start":{"line":52,"column":12},"end":{"line":56,"column":13}}],"line":52},"6":{"loc":{"start":{"line":60,"column":8},"end":{"line":64,"column":9}},"type":"if","locations":[{"start":{"line":60,"column":8},"end":{"line":64,"column":9}},{"start":{"line":60,"column":8},"end":{"line":64,"column":9}}],"line":60},"7":{"loc":{"start":{"line":62,"column":15},"end":{"line":64,"column":9}},"type":"if","locations":[{"start":{"line":62,"column":15},"end":{"line":64,"column":9}},{"start":{"line":62,"column":15},"end":{"line":64,"column":9}}],"line":62},"8":{"loc":{"start":{"line":78,"column":4},"end":{"line":80,"column":5}},"type":"if","locations":[{"start":{"line":78,"column":4},"end":{"line":80,"column":5}}],"line":78},"9":{"loc":{"start":{"line":84,"column":4},"end":{"line":86,"column":5}},"type":"if","locations":[{"start":{"line":84,"column":4},"end":{"line":86,"column":5}},{"start":{"line":84,"column":4},"end":{"line":86,"column":5}}],"line":84},"10":{"loc":{"start":{"line":111,"column":4},"end":{"line":119,"column":5}},"type":"if","locations":[{"start":{"line":111,"column":4},"end":{"line":119,"column":5}}],"line":111},"11":{"loc":{"start":{"line":114,"column":8},"end":{"line":118,"column":9}},"type":"if","locations":[{"start":{"line":114,"column":8},"end":{"line":118,"column":9}}],"line":114},"12":{"loc":{"start":{"line":116,"column":24},"end":{"line":116,"column":105}},"type":"cond-expr","locations":[{"start":{"line":116,"column":61},"end":{"line":116,"column":75}},{"start":{"line":116,"column":78},"end":{"line":116,"column":105}}],"line":116}},"s":{"0":6,"1":1,"2":5,"3":5,"4":5,"5":5,"6":1,"7":4,"8":1,"9":4,"10":3,"11":2,"12":1,"13":3,"14":1,"15":2,"16":1,"17":4,"18":4,"19":4,"20":4,"21":4,"22":4,"23":4,"24":4,"25":4,"26":4,"27":1,"28":3,"29":3,"30":3,"31":3,"32":3,"33":3,"34":3,"35":2,"36":2,"37":2,"38":3},"f":{"0":6,"1":3},"b":{"0":[2],"1":[1,5],"2":[1,4],"3":[1,3],"4":[3,1],"5":[2,1],"6":[1,2],"7":[1,1],"8":[4],"9":[1,3],"10":[3],"11":[2],"12":[1,1]},"_coverageSchema":"43e27e138ebf9cfc5966b082cf9a028302ed4184","hash":"0fe7bbb8a51c337925e379852392fa1c99166675"}
,"D:\\workspace\\ava\\ava-util\\src\\data.ts": {"path":"D:\\workspace\\ava\\ava-util\\src\\data.ts","statementMap":{"0":{"start":{"line":6,"column":4},"end":{"line":10,"column":6}},"1":{"start":{"line":18,"column":23},"end":{"line":18,"column":35}},"2":{"start":{"line":19,"column":4},"end":{"line":28,"column":5}},"3":{"start":{"line":21,"column":8},"end":{"line":27,"column":9}},"4":{"start":{"line":22,"column":12},"end":{"line":22,"column":26}},"5":{"start":{"line":29,"column":4},"end":{"line":29,"column":16}},"6":{"start":{"line":39,"column":17},"end":{"line":39,"column":36}},"7":{"start":{"line":40,"column":4},"end":{"line":50,"column":5}},"8":{"start":{"line":41,"column":8},"end":{"line":41,"column":44}},"9":{"start":{"line":42,"column":8},"end":{"line":47,"column":11}},"10":{"start":{"line":43,"column":29},"end":{"line":43,"column":53}},"11":{"start":{"line":44,"column":12},"end":{"line":46,"column":30}},"12":{"start":{"line":49,"column":8},"end":{"line":49,"column":24}},"13":{"start":{"line":51,"column":4},"end":{"line":51,"column":18}},"14":{"start":{"line":60,"column":4},"end":{"line":60,"column":26}},"15":{"start":{"line":61,"column":23},"end":{"line":61,"column":42}},"16":{"start":{"line":63,"column":4},"end":{"line":81,"column":7}},"17":{"start":{"line":65,"column":8},"end":{"line":80,"column":9}},"18":{"start":{"line":66,"column":12},"end":{"line":66,"column":32}},"19":{"start":{"line":68,"column":12},"end":{"line":79,"column":15}},"20":{"start":{"line":69,"column":16},"end":{"line":78,"column":17}},"21":{"start":{"line":71,"column":20},"end":{"line":71,"column":63}},"22":{"start":{"line":72,"column":23},"end":{"line":78,"column":17}},"23":{"start":{"line":74,"column":20},"end":{"line":74,"column":54}},"24":{"start":{"line":77,"column":20},"end":{"line":77,"column":43}},"25":{"start":{"line":82,"column":4},"end":{"line":82,"column":18}}},"fnMap":{"0":{"name":"isJson","decl":{"start":{"line":5,"column":16},"end":{"line":5,"column":22}},"loc":{"start":{"line":5,"column":44},"end":{"line":11,"column":1}},"line":5},"1":{"name":"getDataType","decl":{"start":{"line":17,"column":16},"end":{"line":17,"column":27}},"loc":{"start":{"line":17,"column":48},"end":{"line":30,"column":1}},"line":17},"2":{"name":"clone","decl":{"start":{"line":37,"column":16},"end":{"line":37,"column":21}},"loc":{"start":{"line":37,"column":40},"end":{"line":52,"column":1}},"line":37},"3":{"name":"(anonymous_3)","decl":{"start":{"line":42,"column":36},"end":{"line":42,"column":37}},"loc":{"start":{"line":42,"column":43},"end":{"line":47,"column":9}},"line":42},"4":{"name":"merge","decl":{"start":{"line":59,"column":16},"end":{"line":59,"column":21}},"loc":{"start":{"line":59,"column":78},"end":{"line":83,"column":1}},"line":59},"5":{"name":"(anonymous_5)","decl":{"start":{"line":63,"column":17},"end":{"line":63,"column":18}},"loc":{"start":{"line":63,"column":24},"end":{"line":81,"column":5}},"line":63},"6":{"name":"(anonymous_6)","decl":{"start":{"line":68,"column":37},"end":{"line":68,"column":38}},"loc":{"start":{"line":68,"column":44},"end":{"line":79,"column":13}},"line":68}},"branchMap":{"0":{"loc":{"start":{"line":7,"column":8},"end":{"line":9,"column":21}},"type":"binary-expr","locations":[{"start":{"line":7,"column":8},"end":{"line":7,"column":33}},{"start":{"line":8,"column":8},"end":{"line":8,"column":81}},{"start":{"line":9,"column":8},"end":{"line":9,"column":21}}],"line":7},"1":{"loc":{"start":{"line":19,"column":4},"end":{"line":28,"column":5}},"type":"if","locations":[{"start":{"line":19,"column":4},"end":{"line":28,"column":5}},{"start":{"line":19,"column":4},"end":{"line":28,"column":5}}],"line":19},"2":{"loc":{"start":{"line":21,"column":8},"end":{"line":27,"column":9}},"type":"if","locations":[{"start":{"line":21,"column":8},"end":{"line":27,"column":9}}],"line":21},"3":{"loc":{"start":{"line":40,"column":4},"end":{"line":50,"column":5}},"type":"if","locations":[{"start":{"line":40,"column":4},"end":{"line":50,"column":5}},{"start":{"line":40,"column":4},"end":{"line":50,"column":5}}],"line":40},"4":{"loc":{"start":{"line":40,"column":8},"end":{"line":40,"column":43}},"type":"binary-expr","locations":[{"start":{"line":40,"column":8},"end":{"line":40,"column":24}},{"start":{"line":40,"column":28},"end":{"line":40,"column":43}}],"line":40},"5":{"loc":{"start":{"line":41,"column":17},"end":{"line":41,"column":43}},"type":"cond-expr","locations":[{"start":{"line":41,"column":36},"end":{"line":41,"column":38}},{"start":{"line":41,"column":41},"end":{"line":41,"column":43}}],"line":41},"6":{"loc":{"start":{"line":44,"column":26},"end":{"line":46,"column":29}},"type":"cond-expr","locations":[{"start":{"line":45,"column":18},"end":{"line":45,"column":36}},{"start":{"line":46,"column":18},"end":{"line":46,"column":29}}],"line":44},"7":{"loc":{"start":{"line":44,"column":26},"end":{"line":44,"column":69}},"type":"binary-expr","locations":[{"start":{"line":44,"column":26},"end":{"line":44,"column":46}},{"start":{"line":44,"column":50},"end":{"line":44,"column":69}}],"line":44},"8":{"loc":{"start":{"line":60,"column":13},"end":{"line":60,"column":25}},"type":"binary-expr","locations":[{"start":{"line":60,"column":13},"end":{"line":60,"column":19}},{"start":{"line":60,"column":23},"end":{"line":60,"column":25}}],"line":60},"9":{"loc":{"start":{"line":65,"column":8},"end":{"line":80,"column":9}},"type":"if","locations":[{"start":{"line":65,"column":8},"end":{"line":80,"column":9}},{"start":{"line":65,"column":8},"end":{"line":80,"column":9}}],"line":65},"10":{"loc":{"start":{"line":69,"column":16},"end":{"line":78,"column":17}},"type":"if","locations":[{"start":{"line":69,"column":16},"end":{"line":78,"column":17}},{"start":{"line":69,"column":16},"end":{"line":78,"column":17}}],"line":69},"11":{"loc":{"start":{"line":72,"column":23},"end":{"line":78,"column":17}},"type":"if","locations":[{"start":{"line":72,"column":23},"end":{"line":78,"column":17}},{"start":{"line":72,"column":23},"end":{"line":78,"column":17}}],"line":72}},"s":{"0":183,"1":147,"2":147,"3":125,"4":2,"5":147,"6":14,"7":14,"8":9,"9":9,"10":12,"11":12,"12":5,"13":14,"14":53,"15":53,"16":53,"17":61,"18":5,"19":56,"20":176,"21":23,"22":153,"23":21,"24":132,"25":53},"f":{"0":183,"1":147,"2":14,"3":12,"4":53,"5":61,"6":176},"b":{"0":[183,61,24],"1":[125,22],"2":[2],"3":[9,5],"4":[14,12],"5":[2,7],"6":[2,10],"7":[12,11],"8":[53,17],"9":[5,56],"10":[23,153],"11":[21,132]},"_coverageSchema":"43e27e138ebf9cfc5966b082cf9a028302ed4184","hash":"03b80d3484f565f4c5d8c03a8079793530e9019a"}
}
