TN:
SF:/Users/admin/workspace/ava/ava-util/src/request.ts
FN:10,getParamsInSearch
FN:22,getParamInSearch
FN:32,updateSearch
FN:44,getPathname
FN:56,getSearch
FN:69,getHash
FN:84,generatePath
FNF:7
FNH:5
FNDA:0,getParamsInSearch
FNDA:0,getParamInSearch
FNDA:9,updateSearch
FNDA:10,getPathname
FNDA:10,getSearch
FNDA:10,getHash
FNDA:10,generatePath
DA:4,1
DA:11,0
DA:12,0
DA:14,0
DA:23,0
DA:24,0
DA:33,9
DA:37,9
DA:45,10
DA:46,6
DA:47,6
DA:49,4
DA:57,10
DA:58,10
DA:59,5
DA:60,5
DA:62,10
DA:70,10
DA:71,10
DA:72,3
DA:73,3
DA:75,10
DA:89,10
DA:90,2
DA:91,2
DA:92,2
DA:95,10
DA:96,10
DA:98,10
DA:100,2
DA:103,8
DA:105,10
DA:106,9
DA:109,10
LF:34
LH:29
BRDA:11,0,0,0
BRDA:11,0,1,0
BRDA:12,1,0,0
BRDA:12,1,1,0
BRDA:32,2,0,0
BRDA:45,3,0,6
BRDA:45,3,1,4
BRDA:45,4,0,10
BRDA:45,4,1,5
BRDA:58,5,0,5
BRDA:58,5,1,5
BRDA:62,6,0,0
BRDA:62,6,1,10
BRDA:71,7,0,3
BRDA:71,7,1,7
BRDA:89,8,0,2
BRDA:89,8,1,8
BRDA:91,9,0,2
BRDA:91,9,1,0
BRDA:98,10,0,2
BRDA:98,10,1,8
BRDA:98,11,0,10
BRDA:98,11,1,2
BRDA:105,12,0,9
BRDA:105,12,1,1
BRF:25
BRH:18
end_of_record
