TN:
SF:/Users/admin/workspace/ava/ava-util/src/data.ts
FN:7,isJson
FN:19,getDataType
FN:38,clone
FN:43,(anonymous_3)
FN:60,merge
FN:64,(anonymous_5)
FN:69,(anonymous_6)
FN:90,parseJson
FN:106,trans
FN:108,(anonymous_9)
FN:111,(anonymous_10)
FN:124,jsonToCamel
FN:132,jsonToUnder
FN:140,filterJson
FN:153,transJsonKeys
FN:155,(anonymous_15)
FN:169,isEmpty
FN:189,checkKeepField
FN:209,filterFields
FN:220,(anonymous_19)
FN:229,(anonymous_20)
FNF:21
FNH:18
FNDA:201,isJson
FNDA:187,getDataType
FNDA:15,clone
FNDA:13,(anonymous_3)
FNDA:53,merge
FNDA:61,(anonymous_5)
FNDA:176,(anonymous_6)
FNDA:8,parseJson
FNDA:12,trans
FNDA:2,(anonymous_9)
FNDA:8,(anonymous_10)
FNDA:1,jsonToCamel
FNDA:1,jsonToUnder
FNDA:0,filterJson
FNDA:0,transJsonKeys
FNDA:0,(anonymous_15)
FNDA:30,isEmpty
FNDA:25,checkKeepField
FNDA:11,filterFields
FNDA:25,(anonymous_19)
FNDA:5,(anonymous_20)
DA:8,201
DA:20,187
DA:21,187
DA:23,163
DA:24,2
DA:31,187
DA:40,15
DA:41,15
DA:42,10
DA:43,10
DA:44,13
DA:45,13
DA:50,5
DA:52,15
DA:61,53
DA:62,53
DA:64,53
DA:66,61
DA:67,5
DA:69,56
DA:70,176
DA:72,23
DA:73,153
DA:75,21
DA:78,132
DA:83,53
DA:91,8
DA:92,8
DA:93,1
DA:94,7
DA:95,2
DA:96,2
DA:98,1
DA:101,5
DA:103,2
DA:107,12
DA:108,2
DA:109,10
DA:110,6
DA:111,6
DA:112,8
DA:113,8
DA:115,6
DA:117,4
DA:125,1
DA:133,1
DA:141,0
DA:142,0
DA:143,0
DA:144,0
DA:145,0
DA:146,0
DA:147,0
DA:150,0
DA:154,0
DA:155,0
DA:156,0
DA:157,0
DA:158,0
DA:159,0
DA:162,0
DA:170,30
DA:171,3
DA:173,27
DA:174,27
DA:175,10
DA:177,17
DA:178,16
DA:180,1
DA:190,25
DA:191,10
DA:193,15
DA:194,11
DA:196,4
DA:210,11
DA:211,11
DA:212,0
DA:215,11
DA:216,11
DA:218,11
DA:219,8
DA:220,8
DA:221,25
DA:223,17
DA:226,8
DA:229,5
LF:86
LH:70
BRDA:9,0,0,201
BRDA:9,0,1,70
BRDA:9,0,2,31
BRDA:21,1,0,163
BRDA:21,1,1,24
BRDA:23,2,0,2
BRDA:41,3,0,10
BRDA:41,3,1,5
BRDA:41,4,0,15
BRDA:41,4,1,13
BRDA:42,5,0,2
BRDA:42,5,1,8
BRDA:45,6,0,2
BRDA:45,6,1,11
BRDA:45,7,0,13
BRDA:45,7,1,12
BRDA:61,8,0,53
BRDA:61,8,1,17
BRDA:66,9,0,5
BRDA:66,9,1,56
BRDA:70,10,0,23
BRDA:70,10,1,153
BRDA:73,11,0,21
BRDA:73,11,1,132
BRDA:92,12,0,1
BRDA:92,12,1,7
BRDA:94,13,0,2
BRDA:94,13,1,5
BRDA:107,14,0,2
BRDA:107,14,1,10
BRDA:109,15,0,6
BRDA:109,15,1,4
BRDA:112,16,0,4
BRDA:112,16,1,4
BRDA:142,17,0,0
BRDA:142,17,1,0
BRDA:144,18,0,0
BRDA:144,18,1,0
BRDA:146,19,0,0
BRDA:146,19,1,0
BRDA:146,20,0,0
BRDA:146,20,1,0
BRDA:156,21,0,0
BRDA:156,21,1,0
BRDA:156,22,0,0
BRDA:156,22,1,0
BRDA:158,23,0,0
BRDA:158,23,1,0
BRDA:158,24,0,0
BRDA:158,24,1,0
BRDA:170,25,0,3
BRDA:170,25,1,27
BRDA:170,26,0,30
BRDA:170,26,1,29
BRDA:170,26,2,28
BRDA:174,27,0,10
BRDA:174,27,1,17
BRDA:177,28,0,16
BRDA:177,28,1,1
BRDA:190,29,0,10
BRDA:190,29,1,15
BRDA:193,30,0,11
BRDA:193,30,1,4
BRDA:211,31,0,0
BRDA:211,31,1,11
BRDA:211,32,0,11
BRDA:211,32,1,11
BRDA:211,32,2,11
BRDA:215,33,0,5
BRDA:215,33,1,6
BRDA:216,34,0,5
BRDA:216,34,1,6
BRDA:218,35,0,8
BRDA:218,35,1,3
BRDA:221,36,0,17
BRDA:221,36,1,8
BRDA:223,37,0,5
BRDA:223,37,1,12
BRF:78
BRH:61
end_of_record
TN:
SF:/Users/admin/workspace/ava/ava-util/src/string.ts
FN:5,camelToUnder
FN:6,(anonymous_1)
FN:13,underToCamel
FN:14,(anonymous_3)
FN:21,upperFirstLetter
FN:22,(anonymous_5)
FN:29,lowerFirstLetter
FN:30,(anonymous_7)
FNF:8
FNH:4
FNDA:4,camelToUnder
FNDA:4,(anonymous_1)
FNDA:4,underToCamel
FNDA:4,(anonymous_3)
FNDA:0,upperFirstLetter
FNDA:0,(anonymous_5)
FNDA:0,lowerFirstLetter
FNDA:0,(anonymous_7)
DA:6,4
DA:14,4
DA:22,0
DA:30,0
LF:4
LH:2
BRF:0
BRH:0
end_of_record
